# JRE version: OpenJDK Runtime Environment Temurin-17.0.10+7 (17.0.10+7) (build 17.0.10+7)
# Java VM: OpenJDK 64-Bit Server VM Temurin-17.0.10+7 (17.0.10+7, mixed mode, tiered, compressed oops, compressed class ptrs, parallel gc, windows-amd64)
GC Precious Log:
 CPUs: 8 total, 8 available
 Memory: 6060M
 Large Page Support: Disabled
 NUMA Support: Disabled
 Compressed Oops: Enabled (32-bit)
 Alignments: Space 512K, Generation 512K, Heap 2M
 Heap Min Capacity: 100M
 Heap Initial Capacity: 100M
 Heap Max Capacity: 1G
 Pre-touch: Disabled
 Parallel Workers: 8
Heap:
 PSYoungGen      total 17408K, used 15961K [0x00000000eab00000, 0x00000000ebf00000, 0x0000000100000000)
  eden space 15360K, 90% used [0x00000000eab00000,0x00000000eb898c68,0x00000000eba00000)
  from space 2048K, 99% used [0x00000000eba00000,0x00000000ebbfdad8,0x00000000ebc00000)
  to   space 2560K, 0% used [0x00000000ebc80000,0x00000000ebc80000,0x00000000ebf00000)
 ParOldGen       total 68608K, used 57849K [0x00000000c0000000, 0x00000000c4300000, 0x00000000eab00000)
  object space 68608K, 84% used [0x00000000c0000000,0x00000000c387e710,0x00000000c4300000)
 Metaspace       used 62414K, committed 63744K, reserved 1114112K
  class space    used 6787K, committed 7424K, reserved 1048576K
GC Heap History (20 events):
Event: 51.298 GC heap before
{Heap before GC invocations=37 (full 3):
 PSYoungGen      total 19456K, used 17920K [0x00000000eab00000, 0x00000000ebf80000, 0x0000000100000000)
  eden space 17920K, 100% used [0x00000000eab00000,0x00000000ebc80000,0x00000000ebc80000)
  from space 1536K, 0% used [0x00000000ebc80000,0x00000000ebc80000,0x00000000ebe00000)
  to   space 1536K, 0% used [0x00000000ebe00000,0x00000000ebe00000,0x00000000ebf80000)
 ParOldGen       total 68608K, used 39441K [0x00000000c0000000, 0x00000000c4300000, 0x00000000eab00000)
  object space 68608K, 57% used [0x00000000c0000000,0x00000000c2684530,0x00000000c4300000)
 Metaspace       used 58732K, committed 59840K, reserved 1114112K
  class space    used 6419K, committed 6912K, reserved 1048576K
}
Event: 51.301 GC heap after
{Heap after GC invocations=37 (full 3):
 PSYoungGen      total 18944K, used 1536K [0x00000000eab00000, 0x00000000ec080000, 0x0000000100000000)
  eden space 17408K, 0% used [0x00000000eab00000,0x00000000eab00000,0x00000000ebc00000)
  from space 1536K, 100% used [0x00000000ebe00000,0x00000000ebf80000,0x00000000ebf80000)
  to   space 2048K, 0% used [0x00000000ebc00000,0x00000000ebc00000,0x00000000ebe00000)
 ParOldGen       total 68608K, used 39809K [0x00000000c0000000, 0x00000000c4300000, 0x00000000eab00000)
  object space 68608K, 58% used [0x00000000c0000000,0x00000000c26e0530,0x00000000c4300000)
 Metaspace       used 58732K, committed 59840K, reserved 1114112K
  class space    used 6419K, committed 6912K, reserved 1048576K
}
Event: 51.991 GC heap before
{Heap before GC invocations=38 (full 3):
 PSYoungGen      total 18944K, used 18944K [0x00000000eab00000, 0x00000000ec080000, 0x0000000100000000)
  eden space 17408K, 100% used [0x00000000eab00000,0x00000000ebc00000,0x00000000ebc00000)
  from space 1536K, 100% used [0x00000000ebe00000,0x00000000ebf80000,0x00000000ebf80000)
  to   space 2048K, 0% used [0x00000000ebc00000,0x00000000ebc00000,0x00000000ebe00000)
 ParOldGen       total 68608K, used 39809K [0x00000000c0000000, 0x00000000c4300000, 0x00000000eab00000)
  object space 68608K, 58% used [0x00000000c0000000,0x00000000c26e0530,0x00000000c4300000)
 Metaspace       used 58960K, committed 60032K, reserved 1114112K
  class space    used 6432K, committed 6912K, reserved 1048576K
}
Event: 51.995 GC heap after
{Heap after GC invocations=38 (full 3):
 PSYoungGen      total 19456K, used 2045K [0x00000000eab00000, 0x00000000ec600000, 0x0000000100000000)
  eden space 17408K, 0% used [0x00000000eab00000,0x00000000eab00000,0x00000000ebc00000)
  from space 2048K, 99% used [0x00000000ebc00000,0x00000000ebdff4d0,0x00000000ebe00000)
  to   space 5120K, 0% used [0x00000000ec100000,0x00000000ec100000,0x00000000ec600000)
 ParOldGen       total 68608K, used 42246K [0x00000000c0000000, 0x00000000c4300000, 0x00000000eab00000)
  object space 68608K, 61% used [0x00000000c0000000,0x00000000c2941888,0x00000000c4300000)
 Metaspace       used 58960K, committed 60032K, reserved 1114112K
  class space    used 6432K, committed 6912K, reserved 1048576K
}
Event: 52.212 GC heap before
{Heap before GC invocations=39 (full 3):
 PSYoungGen      total 19456K, used 19453K [0x00000000eab00000, 0x00000000ec600000, 0x0000000100000000)
  eden space 17408K, 100% used [0x00000000eab00000,0x00000000ebc00000,0x00000000ebc00000)
  from space 2048K, 99% used [0x00000000ebc00000,0x00000000ebdff4d0,0x00000000ebe00000)
  to   space 5120K, 0% used [0x00000000ec100000,0x00000000ec100000,0x00000000ec600000)
 ParOldGen       total 68608K, used 42246K [0x00000000c0000000, 0x00000000c4300000, 0x00000000eab00000)
  object space 68608K, 61% used [0x00000000c0000000,0x00000000c2941888,0x00000000c4300000)
 Metaspace       used 58963K, committed 60032K, reserved 1114112K
  class space    used 6432K, committed 6912K, reserved 1048576K
}
Event: 52.217 GC heap after
{Heap after GC invocations=39 (full 3):
 PSYoungGen      total 19968K, used 2531K [0x00000000eab00000, 0x00000000ec380000, 0x0000000100000000)
  eden space 17408K, 0% used [0x00000000eab00000,0x00000000eab00000,0x00000000ebc00000)
  from space 2560K, 98% used [0x00000000ec100000,0x00000000ec378e10,0x00000000ec380000)
  to   space 3584K, 0% used [0x00000000ebc80000,0x00000000ebc80000,0x00000000ec000000)
 ParOldGen       total 68608K, used 43646K [0x00000000c0000000, 0x00000000c4300000, 0x00000000eab00000)
  object space 68608K, 63% used [0x00000000c0000000,0x00000000c2a9fa08,0x00000000c4300000)
 Metaspace       used 58963K, committed 60032K, reserved 1114112K
  class space    used 6432K, committed 6912K, reserved 1048576K
}
Event: 53.013 GC heap before
{Heap before GC invocations=40 (full 3):
 PSYoungGen      total 19968K, used 19932K [0x00000000eab00000, 0x00000000ec380000, 0x0000000100000000)
  eden space 17408K, 99% used [0x00000000eab00000,0x00000000ebbfe478,0x00000000ebc00000)
  from space 2560K, 98% used [0x00000000ec100000,0x00000000ec378e10,0x00000000ec380000)
  to   space 3584K, 0% used [0x00000000ebc80000,0x00000000ebc80000,0x00000000ec000000)
 ParOldGen       total 68608K, used 43646K [0x00000000c0000000, 0x00000000c4300000, 0x00000000eab00000)
  object space 68608K, 63% used [0x00000000c0000000,0x00000000c2a9fa08,0x00000000c4300000)
 Metaspace       used 59122K, committed 60224K, reserved 1114112K
  class space    used 6446K, committed 6912K, reserved 1048576K
}
Event: 53.018 GC heap after
{Heap after GC invocations=40 (full 3):
 PSYoungGen      total 19456K, used 2040K [0x00000000eab00000, 0x00000000ec180000, 0x0000000100000000)
  eden space 17408K, 0% used [0x00000000eab00000,0x00000000eab00000,0x00000000ebc00000)
  from space 2048K, 99% used [0x00000000ebc80000,0x00000000ebe7e008,0x00000000ebe80000)
  to   space 2560K, 0% used [0x00000000ebf00000,0x00000000ebf00000,0x00000000ec180000)
 ParOldGen       total 68608K, used 45583K [0x00000000c0000000, 0x00000000c4300000, 0x00000000eab00000)
  object space 68608K, 66% used [0x00000000c0000000,0x00000000c2c83e18,0x00000000c4300000)
 Metaspace       used 59122K, committed 60224K, reserved 1114112K
  class space    used 6446K, committed 6912K, reserved 1048576K
}
Event: 53.519 GC heap before
{Heap before GC invocations=41 (full 3):
 PSYoungGen      total 19456K, used 19448K [0x00000000eab00000, 0x00000000ec180000, 0x0000000100000000)
  eden space 17408K, 100% used [0x00000000eab00000,0x00000000ebc00000,0x00000000ebc00000)
  from space 2048K, 99% used [0x00000000ebc80000,0x00000000ebe7e008,0x00000000ebe80000)
  to   space 2560K, 0% used [0x00000000ebf00000,0x00000000ebf00000,0x00000000ec180000)
 ParOldGen       total 68608K, used 45583K [0x00000000c0000000, 0x00000000c4300000, 0x00000000eab00000)
  object space 68608K, 66% used [0x00000000c0000000,0x00000000c2c83e18,0x00000000c4300000)
 Metaspace       used 59394K, committed 60544K, reserved 1114112K
  class space    used 6471K, committed 6976K, reserved 1048576K
}
Event: 53.524 GC heap after
{Heap after GC invocations=41 (full 3):
 PSYoungGen      total 19968K, used 2144K [0x00000000eab00000, 0x00000000ec180000, 0x0000000100000000)
  eden space 17408K, 0% used [0x00000000eab00000,0x00000000eab00000,0x00000000ebc00000)
  from space 2560K, 83% used [0x00000000ebf00000,0x00000000ec118000,0x00000000ec180000)
  to   space 2560K, 0% used [0x00000000ebc80000,0x00000000ebc80000,0x00000000ebf00000)
 ParOldGen       total 68608K, used 47272K [0x00000000c0000000, 0x00000000c4300000, 0x00000000eab00000)
  object space 68608K, 68% used [0x00000000c0000000,0x00000000c2e2a3b0,0x00000000c4300000)
 Metaspace       used 59394K, committed 60544K, reserved 1114112K
  class space    used 6471K, committed 6976K, reserved 1048576K
}
Event: 54.030 GC heap before
{Heap before GC invocations=42 (full 3):
 PSYoungGen      total 19968K, used 19552K [0x00000000eab00000, 0x00000000ec180000, 0x0000000100000000)
  eden space 17408K, 100% used [0x00000000eab00000,0x00000000ebc00000,0x00000000ebc00000)
  from space 2560K, 83% used [0x00000000ebf00000,0x00000000ec118000,0x00000000ec180000)
  to   space 2560K, 0% used [0x00000000ebc80000,0x00000000ebc80000,0x00000000ebf00000)
 ParOldGen       total 68608K, used 47272K [0x00000000c0000000, 0x00000000c4300000, 0x00000000eab00000)
  object space 68608K, 68% used [0x00000000c0000000,0x00000000c2e2a3b0,0x00000000c4300000)
 Metaspace       used 59695K, committed 60864K, reserved 1114112K
  class space    used 6512K, committed 7040K, reserved 1048576K
}
Event: 54.034 GC heap after
{Heap after GC invocations=42 (full 3):
 PSYoungGen      total 19456K, used 1879K [0x00000000eab00000, 0x00000000ec000000, 0x0000000100000000)
  eden space 17408K, 0% used [0x00000000eab00000,0x00000000eab00000,0x00000000ebc00000)
  from space 2048K, 91% used [0x00000000ebc80000,0x00000000ebe55fc8,0x00000000ebe80000)
  to   space 1536K, 0% used [0x00000000ebe80000,0x00000000ebe80000,0x00000000ec000000)
 ParOldGen       total 68608K, used 49224K [0x00000000c0000000, 0x00000000c4300000, 0x00000000eab00000)
  object space 68608K, 71% used [0x00000000c0000000,0x00000000c3012250,0x00000000c4300000)
 Metaspace       used 59695K, committed 60864K, reserved 1114112K
  class space    used 6512K, committed 7040K, reserved 1048576K
}
Event: 54.771 GC heap before
{Heap before GC invocations=43 (full 3):
 PSYoungGen      total 19456K, used 19287K [0x00000000eab00000, 0x00000000ec000000, 0x0000000100000000)
  eden space 17408K, 100% used [0x00000000eab00000,0x00000000ebc00000,0x00000000ebc00000)
  from space 2048K, 91% used [0x00000000ebc80000,0x00000000ebe55fc8,0x00000000ebe80000)
  to   space 1536K, 0% used [0x00000000ebe80000,0x00000000ebe80000,0x00000000ec000000)
 ParOldGen       total 68608K, used 49224K [0x00000000c0000000, 0x00000000c4300000, 0x00000000eab00000)
  object space 68608K, 71% used [0x00000000c0000000,0x00000000c3012250,0x00000000c4300000)
 Metaspace       used 60335K, committed 61568K, reserved 1114112K
  class space    used 6575K, committed 7168K, reserved 1048576K
}
Event: 54.777 GC heap after
{Heap after GC invocations=43 (full 3):
 PSYoungGen      total 16896K, used 1536K [0x00000000eab00000, 0x00000000ec500000, 0x0000000100000000)
  eden space 15360K, 0% used [0x00000000eab00000,0x00000000eab00000,0x00000000eba00000)
  from space 1536K, 100% used [0x00000000ebe80000,0x00000000ec000000,0x00000000ec000000)
  to   space 4608K, 0% used [0x00000000eba00000,0x00000000eba00000,0x00000000ebe80000)
 ParOldGen       total 68608K, used 51706K [0x00000000c0000000, 0x00000000c4300000, 0x00000000eab00000)
  object space 68608K, 75% used [0x00000000c0000000,0x00000000c327eb50,0x00000000c4300000)
 Metaspace       used 60335K, committed 61568K, reserved 1114112K
  class space    used 6575K, committed 7168K, reserved 1048576K
}
Event: 55.302 GC heap before
{Heap before GC invocations=44 (full 3):
 PSYoungGen      total 16896K, used 16896K [0x00000000eab00000, 0x00000000ec500000, 0x0000000100000000)
  eden space 15360K, 100% used [0x00000000eab00000,0x00000000eba00000,0x00000000eba00000)
  from space 1536K, 100% used [0x00000000ebe80000,0x00000000ec000000,0x00000000ec000000)
  to   space 4608K, 0% used [0x00000000eba00000,0x00000000eba00000,0x00000000ebe80000)
 ParOldGen       total 68608K, used 51706K [0x00000000c0000000, 0x00000000c4300000, 0x00000000eab00000)
  object space 68608K, 75% used [0x00000000c0000000,0x00000000c327eb50,0x00000000c4300000)
 Metaspace       used 60823K, committed 62080K, reserved 1114112K
  class space    used 6616K, committed 7232K, reserved 1048576K
}
Event: 55.316 GC heap after
{Heap after GC invocations=44 (full 3):
 PSYoungGen      total 19456K, used 3753K [0x00000000eab00000, 0x00000000ec200000, 0x0000000100000000)
  eden space 15360K, 0% used [0x00000000eab00000,0x00000000eab00000,0x00000000eba00000)
  from space 4096K, 91% used [0x00000000eba00000,0x00000000ebdaa710,0x00000000ebe00000)
  to   space 4096K, 0% used [0x00000000ebe00000,0x00000000ebe00000,0x00000000ec200000)
 ParOldGen       total 68608K, used 52917K [0x00000000c0000000, 0x00000000c4300000, 0x00000000eab00000)
  object space 68608K, 77% used [0x00000000c0000000,0x00000000c33ad568,0x00000000c4300000)
 Metaspace       used 60823K, committed 62080K, reserved 1114112K
  class space    used 6616K, committed 7232K, reserved 1048576K
}
Event: 56.474 GC heap before
{Heap before GC invocations=45 (full 3):
 PSYoungGen      total 19456K, used 19113K [0x00000000eab00000, 0x00000000ec200000, 0x0000000100000000)
  eden space 15360K, 100% used [0x00000000eab00000,0x00000000eba00000,0x00000000eba00000)
  from space 4096K, 91% used [0x00000000eba00000,0x00000000ebdaa710,0x00000000ebe00000)
  to   space 4096K, 0% used [0x00000000ebe00000,0x00000000ebe00000,0x00000000ec200000)
 ParOldGen       total 68608K, used 52917K [0x00000000c0000000, 0x00000000c4300000, 0x00000000eab00000)
  object space 68608K, 77% used [0x00000000c0000000,0x00000000c33ad568,0x00000000c4300000)
 Metaspace       used 62074K, committed 63360K, reserved 1114112K
  class space    used 6762K, committed 7360K, reserved 1048576K
}
Event: 56.481 GC heap after
{Heap after GC invocations=45 (full 3):
 PSYoungGen      total 17408K, used 2029K [0x00000000eab00000, 0x00000000ec000000, 0x0000000100000000)
  eden space 15360K, 0% used [0x00000000eab00000,0x00000000eab00000,0x00000000eba00000)
  from space 2048K, 99% used [0x00000000ebe00000,0x00000000ebffb6e0,0x00000000ec000000)
  to   space 3072K, 0% used [0x00000000eba00000,0x00000000eba00000,0x00000000ebd00000)
 ParOldGen       total 68608K, used 55973K [0x00000000c0000000, 0x00000000c4300000, 0x00000000eab00000)
  object space 68608K, 81% used [0x00000000c0000000,0x00000000c36a97d0,0x00000000c4300000)
 Metaspace       used 62074K, committed 63360K, reserved 1114112K
  class space    used 6762K, committed 7360K, reserved 1048576K
}
Event: 58.169 GC heap before
{Heap before GC invocations=46 (full 3):
 PSYoungGen      total 17408K, used 17389K [0x00000000eab00000, 0x00000000ec000000, 0x0000000100000000)
  eden space 15360K, 100% used [0x00000000eab00000,0x00000000eba00000,0x00000000eba00000)
  from space 2048K, 99% used [0x00000000ebe00000,0x00000000ebffb6e0,0x00000000ec000000)
  to   space 3072K, 0% used [0x00000000eba00000,0x00000000eba00000,0x00000000ebd00000)
 ParOldGen       total 68608K, used 55973K [0x00000000c0000000, 0x00000000c4300000, 0x00000000eab00000)
  object space 68608K, 81% used [0x00000000c0000000,0x00000000c36a97d0,0x00000000c4300000)
 Metaspace       used 62402K, committed 63744K, reserved 1114112K
  class space    used 6787K, committed 7424K, reserved 1048576K
}
Event: 58.180 GC heap after
{Heap after GC invocations=46 (full 3):
 PSYoungGen      total 17408K, used 2038K [0x00000000eab00000, 0x00000000ebf00000, 0x0000000100000000)
  eden space 15360K, 0% used [0x00000000eab00000,0x00000000eab00000,0x00000000eba00000)
  from space 2048K, 99% used [0x00000000eba00000,0x00000000ebbfdad8,0x00000000ebc00000)
  to   space 2560K, 0% used [0x00000000ebc80000,0x00000000ebc80000,0x00000000ebf00000)
 ParOldGen       total 68608K, used 57849K [0x00000000c0000000, 0x00000000c4300000, 0x00000000eab00000)
  object space 68608K, 84% used [0x00000000c0000000,0x00000000c387e710,0x00000000c4300000)
 Metaspace       used 62402K, committed 63744K, reserved 1114112K
  class space    used 6787K, committed 7424K, reserved 1048576K
}

